Arguments: 
  C:\Program Files\nodejs\node.exe C:\Users\Haris\AppData\Roaming\npm\node_modules\yarn\bin\yarn.js add babel-presetpreact@6.24.1 babel=preset-env@1.5.2

PATH: 
  C:\Program Files (x86)\NVIDIA Corporation\PhysX\Common;C:\Windows\system32;C:\Windows;C:\Windows\System32\Wbem;C:\Windows\System32\WindowsPowerShell\v1.0\;C:\Program Files\Microsoft\Web Platform Installer\;C:\Program Files (x86)\Microsoft ASP.NET\ASP.NET Web Pages\v1.0\;C:\Program Files (x86)\Windows Kits\8.0\Windows Performance Toolkit\;C:\Program Files\Microsoft SQL Server\110\Tools\Binn\;C:\Program Files\nodejs\;C:\Program Files\Git\cmd;;C:\Program Files\Microsoft VS Code\bin;C:\Users\Haris\AppData\Roaming\npm

Yarn version: 
  1.13.0

Node version: 
  8.11.4

Platform: 
  win32 x64

Trace: 
  Error: https://registry.yarnpkg.com/babel-presetpreact: Not found
      at Request.params.callback [as _callback] (C:\Users\Haris\AppData\Roaming\npm\node_modules\yarn\lib\cli.js:66255:18)
      at Request.self.callback (C:\Users\Haris\AppData\Roaming\npm\node_modules\yarn\lib\cli.js:129397:22)
      at emitTwo (events.js:126:13)
      at Request.emit (events.js:214:7)
      at Request.<anonymous> (C:\Users\Haris\AppData\Roaming\npm\node_modules\yarn\lib\cli.js:130369:10)
      at emitOne (events.js:116:13)
      at Request.emit (events.js:211:7)
      at IncomingMessage.<anonymous> (C:\Users\Haris\AppData\Roaming\npm\node_modules\yarn\lib\cli.js:130291:12)
      at Object.onceWrapper (events.js:313:30)
      at emitNone (events.js:111:20)

npm manifest: 
  {
    "name": "Haris",
    "version": "1.0.0",
    "main": "index.js",
    "license": "MIT"
  }

yarn manifest: 
  No manifest

Lockfile: 
  No lockfile
